<?xml version="1.0" encoding="UTF-8"?>
<!-- Generated by org.testng.reporters.JUnitXMLReporter -->
<testsuite ignored="0" hostname="Anna12" failures="0" tests="1" name="Default test(failed)" time="0.05" errors="0" timestamp="2024-03-06T15:01:25 IST">
  <testcase classname="testngpk.Extendedreport" name="@BeforeTest beftest" time="0.007">
    <failure type="java.lang.NoClassDefFoundError" message="com/aventstack/extentreports/reporter/ExtentHtmlReporter">
      <![CDATA[java.lang.NoClassDefFoundError: com/aventstack/extentreports/reporter/ExtentHtmlReporter
at testngpk.Extendedreport.beftest(Extendedreport.java:32)
Caused by: java.lang.ClassNotFoundException: com.aventstack.extentreports.reporter.ExtentHtmlReporter
at java.base/jdk.internal.loader.BuiltinClassLoader.loadClass(BuiltinClassLoader.java:641)
at java.base/jdk.internal.loader.ClassLoaders$AppClassLoader.loadClass(ClassLoaders.java:188)
at java.base/java.lang.ClassLoader.loadClass(ClassLoader.java:525)
... 25 more
... Removed 24 stack frames]]>
    </failure>
  </testcase> <!-- @BeforeTest beftest -->
  <testcase classname="testngpk.Extendedreport" name="@BeforeMethod setup" time="-1.709717485652E9">
    <skipped/>
  </testcase> <!-- @BeforeMethod setup -->
  <testcase classname="testngpk.Extendedreport" name="@AfterMethod browserclose" time="-1.709717485663E9">
    <skipped/>
  </testcase> <!-- @AfterMethod browserclose -->
  <testcase classname="testngpk.Extendedreport" name="Fbtitleverification" time="0.0">
    <skipped/>
  </testcase> <!-- Fbtitleverification -->
</testsuite> <!-- Default test(failed) -->
