<?xml version="1.0" encoding="UTF-8"?>
<testng-results ignored="0" total="1" passed="1" failed="0" skipped="0">
  <reporter-output>
  </reporter-output>
  <suite started-at="2024-03-08T22:54:00 IST" name="Default suite" finished-at="2024-03-08T22:54:02 IST" duration-ms="2089">
    <groups>
    </groups>
    <test started-at="2024-03-08T22:54:00 IST" name="Default test" finished-at="2024-03-08T22:54:02 IST" duration-ms="2089">
      <class name="junitpkg.Linkvalidationmyhd">
        <test-method is-config="true" signature="setup()[pri:0, instance:junitpkg.Linkvalidationmyhd@1ca25c47]" started-at="2024-03-08T22:54:00 IST" name="setup" finished-at="2024-03-08T22:54:02 IST" duration-ms="1685" status="PASS">
          <reporter-output>
          </reporter-output>
        </test-method> <!-- setup -->
        <test-method signature="linkvalidation()[pri:0, instance:junitpkg.Linkvalidationmyhd@1ca25c47]" started-at="2024-03-08T22:54:02 IST" name="linkvalidation" finished-at="2024-03-08T22:54:02 IST" duration-ms="369" status="PASS">
          <reporter-output>
          </reporter-output>
        </test-method> <!-- linkvalidation -->
      </class> <!-- junitpkg.Linkvalidationmyhd -->
    </test> <!-- Default test -->
  </suite> <!-- Default suite -->
</testng-results>
